[17004] 02 Jun 12:42:12.671 # oO0OoO0OoO0Oo Redis is starting oO0OoO0OoO0Oo
[17004] 02 Jun 12:42:12.672 # Redis version=5.0.14.1, bits=64, commit=ec77f72d, modified=0, pid=17004, just started
[17004] 02 Jun 12:42:12.672 # Configuration loaded
                _._                                                  
           _.-``__ ''-._                                             
      _.-``    `.  `_.  ''-._           Redis 5.0.14.1 (ec77f72d/0) 64 bit
  .-`` .-```.  ```\/    _.,_ ''-._                                   
 (    '      ,       .-`  | `,    )     Running in standalone mode
 |`-._`-...-` __...-.``-._|'` _.-'|     Port: 6379
 |    `-._   `._    /     _.-'    |     PID: 17004
  `-._    `-._  `-./  _.-'    _.-'                                   
 |`-._`-._    `-.__.-'    _.-'_.-'|                                  
 |    `-._`-._        _.-'_.-'    |           http://redis.io        
  `-._    `-._`-.__.-'_.-'    _.-'                                   
 |`-._`-._    `-.__.-'    _.-'_.-'|                                  
 |    `-._`-._        _.-'_.-'    |                                  
  `-._    `-._`-.__.-'_.-'    _.-'                                   
      `-._    `-.__.-'    _.-'                                       
          `-._        _.-'                                           
              `-.__.-'                                               

[17004] 02 Jun 12:42:12.678 # Server initialized
[17004] 02 Jun 12:42:12.680 * DB loaded from disk: 0.002 seconds
[17004] 02 Jun 12:42:12.680 * Ready to accept connections
[17004] 02 Jun 12:49:26.574 * 10 changes in 300 seconds. Saving...
[17004] 02 Jun 12:49:26.637 * Background saving started by pid 8952
[17004] 02 Jun 12:49:26.856 # fork operation complete
[17004] 02 Jun 12:49:26.871 * Background saving terminated with success
[17004] 02 Jun 13:04:27.039 * 1 changes in 900 seconds. Saving...
[17004] 02 Jun 13:04:27.136 * Background saving started by pid 10228
[17004] 02 Jun 13:04:27.670 # fork operation complete
[17004] 02 Jun 13:04:27.742 * Background saving terminated with success
[17004] 02 Jun 23:56:12.335 * 1 changes in 900 seconds. Saving...
[17004] 02 Jun 23:56:12.409 * Background saving started by pid 912
[17004] 02 Jun 23:56:13.005 # fork operation complete
[17004] 02 Jun 23:56:13.081 * Background saving terminated with success
[17004] 03 Jun 14:11:45.277 * 1 changes in 900 seconds. Saving...
[17004] 03 Jun 14:11:45.962 * Background saving started by pid 14160
[17004] 03 Jun 14:11:46.291 # fork operation complete
[17004] 03 Jun 14:11:46.320 * Background saving terminated with success
[17004] 03 Jun 18:16:25.671 * 1 changes in 900 seconds. Saving...
[17004] 03 Jun 18:16:26.314 * Background saving started by pid 8452
[17004] 03 Jun 18:16:31.142 # fork operation complete
[17004] 03 Jun 18:16:36.333 * Background saving terminated with success
[17004] 05 Jun 20:15:01.773 * 1 changes in 900 seconds. Saving...
[17004] 05 Jun 20:15:01.811 * Background saving started by pid 15784
[17004] 05 Jun 20:15:02.134 # fork operation complete
[17004] 05 Jun 20:15:02.158 * Background saving terminated with success
