[28544] 27 May 00:44:21.298 # oO0OoO0OoO0Oo Redis is starting oO0OoO0OoO0Oo
[28544] 27 May 00:44:21.299 # Redis version=5.0.14.1, bits=64, commit=ec77f72d, modified=0, pid=28544, just started
[28544] 27 May 00:44:21.300 # Configuration loaded
                _._                                                  
           _.-``__ ''-._                                             
      _.-``    `.  `_.  ''-._           Redis 5.0.14.1 (ec77f72d/0) 64 bit
  .-`` .-```.  ```\/    _.,_ ''-._                                   
 (    '      ,       .-`  | `,    )     Running in standalone mode
 |`-._`-...-` __...-.``-._|'` _.-'|     Port: 6379
 |    `-._   `._    /     _.-'    |     PID: 28544
  `-._    `-._  `-./  _.-'    _.-'                                   
 |`-._`-._    `-.__.-'    _.-'_.-'|                                  
 |    `-._`-._        _.-'_.-'    |           http://redis.io        
  `-._    `-._`-.__.-'_.-'    _.-'                                   
 |`-._`-._    `-.__.-'    _.-'_.-'|                                  
 |    `-._`-._        _.-'_.-'    |                                  
  `-._    `-._`-.__.-'_.-'    _.-'                                   
      `-._    `-.__.-'    _.-'                                       
          `-._        _.-'                                           
              `-.__.-'                                               

[28544] 27 May 00:44:21.306 # Server initialized
[28544] 27 May 00:44:21.308 * DB loaded from disk: 0.001 seconds
[28544] 27 May 00:44:21.308 * Ready to accept connections
[28544] 27 May 00:52:22.348 * 10 changes in 300 seconds. Saving...
[28544] 27 May 00:52:22.372 * Background saving started by pid 17544
[28544] 27 May 00:52:22.589 # fork operation complete
[28544] 27 May 00:52:22.626 * Background saving terminated with success
[28544] 27 May 01:07:23.090 * 1 changes in 900 seconds. Saving...
[28544] 27 May 01:07:23.094 * Background saving started by pid 24820
[28544] 27 May 01:07:23.201 # fork operation complete
[28544] 27 May 01:07:23.224 * Background saving terminated with success
[28544] 27 May 09:14:58.645 * 1 changes in 900 seconds. Saving...
[28544] 27 May 09:14:58.715 * Background saving started by pid 28580
[28544] 27 May 09:14:58.931 # fork operation complete
[28544] 27 May 09:14:58.997 * Background saving terminated with success
[28544] 27 May 17:20:28.737 * 1 changes in 900 seconds. Saving...
[28544] 27 May 17:20:29.336 * Background saving started by pid 7340
[28544] 27 May 17:20:29.573 # fork operation complete
[28544] 27 May 17:20:29.594 * Background saving terminated with success
[28544] 28 May 08:44:31.829 * 1 changes in 900 seconds. Saving...
[28544] 28 May 08:44:31.867 * Background saving started by pid 17676
[28544] 28 May 08:44:32.195 # fork operation complete
[28544] 28 May 08:44:32.250 * Background saving terminated with success
[28544] 28 May 08:51:29.021 * 10 changes in 300 seconds. Saving...
[28544] 28 May 08:51:29.036 * Background saving started by pid 29764
[28544] 28 May 08:51:29.259 # fork operation complete
[28544] 28 May 08:51:29.295 * Background saving terminated with success
[28544] 28 May 09:01:11.733 * 10 changes in 300 seconds. Saving...
[28544] 28 May 09:01:11.786 * Background saving started by pid 28612
[28544] 28 May 09:01:12.116 # fork operation complete
[28544] 28 May 09:01:12.175 * Background saving terminated with success
[28544] 28 May 09:16:13.072 * 1 changes in 900 seconds. Saving...
[28544] 28 May 09:16:13.254 * Background saving started by pid 19148
[28544] 28 May 09:16:13.455 # fork operation complete
[28544] 28 May 09:16:13.473 * Background saving terminated with success
[28544] 28 May 09:26:57.404 * 10 changes in 300 seconds. Saving...
[28544] 28 May 09:26:57.408 * Background saving started by pid 25972
[28544] 28 May 09:26:57.515 # fork operation complete
[28544] 28 May 09:26:57.537 * Background saving terminated with success
[28544] 28 May 09:40:12.517 * 10 changes in 300 seconds. Saving...
[28544] 28 May 09:40:12.545 * Background saving started by pid 23448
[28544] 28 May 09:40:12.881 # fork operation complete
[28544] 28 May 09:40:12.935 * Background saving terminated with success
[28544] 28 May 09:55:13.097 * 1 changes in 900 seconds. Saving...
[28544] 28 May 09:55:13.097 * Background saving started by pid 19444
[28544] 28 May 09:55:13.208 # fork operation complete
[28544] 28 May 09:55:13.237 * Background saving terminated with success
[28544] 28 May 10:27:29.485 * 1 changes in 900 seconds. Saving...
[28544] 28 May 10:27:29.509 * Background saving started by pid 19504
[28544] 28 May 10:27:29.830 # fork operation complete
[28544] 28 May 10:27:29.853 * Background saving terminated with success
[28544] 28 May 10:42:30.045 * 1 changes in 900 seconds. Saving...
[28544] 28 May 10:42:30.055 * Background saving started by pid 12168
[28544] 28 May 10:42:30.168 # fork operation complete
[28544] 28 May 10:42:30.197 * Background saving terminated with success
[28544] 28 May 14:04:32.409 * 1 changes in 900 seconds. Saving...
[28544] 28 May 14:04:32.921 * Background saving started by pid 20360
[28544] 28 May 14:04:33.248 # fork operation complete
[28544] 28 May 14:04:33.301 * Background saving terminated with success
[28544] 28 May 14:19:34.051 * 1 changes in 900 seconds. Saving...
[28544] 28 May 14:19:34.069 * Background saving started by pid 26108
[28544] 28 May 14:19:34.280 # fork operation complete
[28544] 28 May 14:19:34.306 * Background saving terminated with success
[28544] 28 May 14:31:17.491 * 10 changes in 300 seconds. Saving...
[28544] 28 May 14:31:17.503 * Background saving started by pid 9444
[28544] 28 May 14:31:17.729 # fork operation complete
[28544] 28 May 14:31:17.789 * Background saving terminated with success
[28544] 28 May 14:43:27.935 * 10 changes in 300 seconds. Saving...
[28544] 28 May 14:43:27.960 * Background saving started by pid 28436
[28544] 28 May 14:43:28.186 # fork operation complete
[28544] 28 May 14:43:28.213 * Background saving terminated with success
[28544] 28 May 14:57:32.107 * 10 changes in 300 seconds. Saving...
[28544] 28 May 14:57:32.149 * Background saving started by pid 20732
[28544] 28 May 14:57:32.360 # fork operation complete
[28544] 28 May 14:57:32.384 * Background saving terminated with success
[28544] 28 May 22:50:00.581 * 1 changes in 900 seconds. Saving...
[28544] 28 May 22:50:00.605 * Background saving started by pid 15528
[28544] 28 May 22:50:01.082 # fork operation complete
[28544] 28 May 22:50:01.157 * Background saving terminated with success
[28544] 28 May 23:05:02.018 * 1 changes in 900 seconds. Saving...
[28544] 28 May 23:05:02.038 * Background saving started by pid 31112
[28544] 28 May 23:05:02.252 # fork operation complete
[28544] 28 May 23:05:02.271 * Background saving terminated with success
